<?xml version="1.0" encoding="utf-8"?><testsuites><testsuite name="pytest" errors="0" failures="0" skipped="0" tests="3" time="57.493" timestamp="2023-09-20T20:44:41.788160" hostname="LAPTOP-MFQVBQ11"><testcase classname="test_login_logout.TestSigninSignout" name="test_signin" time="31.143" /><testcase classname="test_login_logout.TestSigninSignout" name="test_signout" time="11.107" /><testcase classname="test_login_logout.TestSigninSignout" name="test_login_failure" time="11.105" /></testsuite></testsuites>